
> tripcast-web@0.1.0 storybook
> storybook dev -p 6006


┌  storybook v10.4.1
│
▲  Could not resolve addon "@storybook/addon-links", skipping. Is it
│  installed?
│
▲  Could not resolve addon "@storybook/addon-essentials", skipping. Is it
│  installed?
│
▲  Could not resolve addon "@storybook/addon-interactions", skipping. Is
│  it installed?
│
▲  Could not resolve addon "@storybook/addon-links", skipping. Is it
│  installed?
│
▲  Could not resolve addon "@storybook/addon-essentials", skipping. Is it
│  installed?
│
▲  Could not resolve addon "@storybook/addon-interactions", skipping. Is
│  it installed?
│
●  Starting...
│ [38;2;255;71;133m╭[39m[38;2;255;71;133m─[39m[38;2;255;71;133m─[39m[38;2;255;71;133m─[39m[38;2;255;71;133m─[39m[38;2;255;71;133m─[39m[38;2;255;71;133m─[39m[38;2;255;71;133m─[39m[38;2;255;71;133m─[39m[38;2;255;71;133m─[39m[38;2;255;71;133m─[39m[38;2;255;71;133m─[39m[38;2;255;71;133m─[39m[38;2;255;71;133m─[39m[38;2;255;71;133m─[39m[38;2;255;71;133m─[39m[38;2;255;71;133m─[39m[38;2;255;71;133m─[39m[38;2;255;71;133m─[39m[38;2;255;71;133m─[39m[38;2;255;71;133m─[39m[38;2;255;71;133m─[39m[38;2;255;71;133m─[39m[38;2;255;71;133m─[39m[38;2;255;71;133m─[39m[38;2;255;71;133m─[39m[38;2;255;71;133m─[39m[38;2;255;71;133m─[39m[38;2;255;71;133m─[39m[38;2;255;71;133m─[39m[38;2;255;71;133m─[39m[38;2;255;71;133m─[39m[38;2;255;71;133m─[39m[38;2;255;71;133m─[39m[38;2;255;71;133m─[39m[38;2;255;71;133m─[39m[38;2;255;71;133m─[39m[38;2;255;71;133m─[39m[38;2;255;71;133m─[39m[38;2;255;71;133m─[39m[38;2;255;71;133m─[39m[38;2;255;71;133m─[39m[38;2;255;71;133m─[39m[38;2;255;71;133m─[39m[38;2;255;71;133m─[39m[38;2;255;71;133m─[39m[38;2;255;71;133m─[39m[38;2;255;71;133m─[39m[38;2;255;71;133m─[39m[38;2;255;71;133m─[39m[38;2;255;71;133m─[39m[38;2;255;71;133m─[39m[38;2;255;71;133m─[39m[38;2;255;71;133m─[39m[38;2;255;71;133m─[39m[38;2;255;71;133m╮[39m
│ [38;2;255;71;133m│[39m   Storybook ready!                                   [38;2;255;71;133m│[39m
│ [38;2;255;71;133m│[39m                                                      [38;2;255;71;133m│[39m
│ [38;2;255;71;133m│[39m   - Local:                http://localhost:6006/     [38;2;255;71;133m│[39m
│ [38;2;255;71;133m│[39m   - On your network:      http://192.168.0.2:6006/   [38;2;255;71;133m│[39m
│ [38;2;255;71;133m│[39m                                                      [38;2;255;71;133m│[39m
│ [38;2;255;71;133m╰[39m[38;2;255;71;133m─[39m[38;2;255;71;133m─[39m[38;2;255;71;133m─[39m[38;2;255;71;133m─[39m[38;2;255;71;133m─[39m[38;2;255;71;133m─[39m[38;2;255;71;133m─[39m[38;2;255;71;133m─[39m[38;2;255;71;133m─[39m[38;2;255;71;133m─[39m[38;2;255;71;133m─[39m[38;2;255;71;133m─[39m[38;2;255;71;133m─[39m[38;2;255;71;133m─[39m[38;2;255;71;133m─[39m[38;2;255;71;133m─[39m[38;2;255;71;133m─[39m[38;2;255;71;133m─[39m[38;2;255;71;133m─[39m[38;2;255;71;133m─[39m[38;2;255;71;133m─[39m[38;2;255;71;133m─[39m[38;2;255;71;133m─[39m[38;2;255;71;133m─[39m[38;2;255;71;133m─[39m[38;2;255;71;133m─[39m[38;2;255;71;133m─[39m[38;2;255;71;133m─[39m[38;2;255;71;133m─[39m[38;2;255;71;133m─[39m[38;2;255;71;133m─[39m[38;2;255;71;133m─[39m[38;2;255;71;133m─[39m[38;2;255;71;133m─[39m[38;2;255;71;133m─[39m[38;2;255;71;133m─[39m[38;2;255;71;133m─[39m[38;2;255;71;133m─[39m[38;2;255;71;133m─[39m[38;2;255;71;133m─[39m[38;2;255;71;133m─[39m[38;2;255;71;133m─[39m[38;2;255;71;133m─[39m[38;2;255;71;133m─[39m[38;2;255;71;133m─[39m[38;2;255;71;133m─[39m[38;2;255;71;133m─[39m[38;2;255;71;133m─[39m[38;2;255;71;133m─[39m[38;2;255;71;133m─[39m[38;2;255;71;133m─[39m[38;2;255;71;133m─[39m[38;2;255;71;133m─[39m[38;2;255;71;133m─[39m[38;2;255;71;133m╯[39m
│
●  305 ms for manager and 540 ms for preview
│  Vite [optimizer] bundling dependencies...
│  Vite hmr update /src/styles.css, /src/components/ui/ReactionTray.tsx
│  Vite hmr update
│  /@id/__x00__virtual:/@storybook/builder-vite/vite-app.js,
│  /src/styles.css
│  Vite hmr update
│  /@id/__x00__virtual:/@storybook/builder-vite/vite-app.js
│  Vite hmr update /src/providers/ThemeProvider.tsx,
│  /@id/__x00__virtual:/@storybook/builder-vite/vite-app.js,
│  /src/features/journal/JournalSheet.tsx,
│  /src/features/attributions/AttributionPublicLine.tsx,
│  /src/components/ui/ReactionSection.tsx, /src/styles.css
│  Vite hmr update /src/styles.css,
│  /src/components/ui/ReactionSection.tsx
│  Vite hmr update /src/styles.css,
│  /src/components/ui/ReactionSection.tsx
